<?xml version="1.0" encoding="UTF-8"?>
<!-- Generated by org.testng.reporters.JUnitXMLReporter -->
<testsuite hostname="COTLAP066" ignored="0" name="BackBaseTest" tests="9" failures="0" timestamp="05 Jul 2021 05:04:30 GMT" time="240.486" errors="0">
  <testcase name="TestListofTags" time="16.879" classname="com.qa.assignment.Home.BaseUserinfoTest"/>
  <testcase name="TestCreateAtrticle" time="31.376" classname="com.qa.assignment.article.ArticleTest"/>
  <testcase name="TestDeletecomment" time="34.254" classname="com.qa.assignment.article.DeleteCommentTest"/>
  <testcase name="TestEditor" time="31.313" classname="com.qa.assignment.article.EditorTest"/>
  <testcase name="TestSettings" time="15.763" classname="com.qa.assignment.settings.SettingsTest"/>
  <testcase name="TestListofArticles" time="16.77" classname="com.qa.assignment.Home.ListofArticleTest"/>
  <testcase name="TestPagenation" time="16.383" classname="com.qa.assignment.Home.ListofArticleTest"/>
  <testcase name="TestListofTags" time="22.034" classname="com.qa.assignment.Home.HomeTest"/>
  <testcase name="TestListofarticles" time="1.039" classname="com.qa.assignment.Home.HomeTest"/>
</testsuite> <!-- BackBaseTest -->
