<?xml version="1.0" encoding="UTF-8"?>
<!-- Generated by org.testng.reporters.JUnitXMLReporter -->
<testsuite hostname="COTLAP066" ignored="0" name="TestBackBase" tests="9" failures="0" timestamp="05 Jul 2021 05:10:28 GMT" time="231.029" errors="0">
  <testcase name="TestListofTags" time="22.239" classname="com.qa.assignment.Home.HomeTest"/>
  <testcase name="TestListofarticles" time="0.749" classname="com.qa.assignment.Home.HomeTest"/>
  <testcase name="TestListofTags" time="15.897" classname="com.qa.assignment.Home.BaseUserinfoTest"/>
  <testcase name="TestCreateAtrticle" time="31.105" classname="com.qa.assignment.article.ArticleTest"/>
  <testcase name="TestDeletecomment" time="33.929" classname="com.qa.assignment.article.DeleteCommentTest"/>
  <testcase name="TestEditor" time="31.134" classname="com.qa.assignment.article.EditorTest"/>
  <testcase name="TestSettings" time="15.479" classname="com.qa.assignment.settings.SettingsTest"/>
  <testcase name="TestListofArticles" time="17.916" classname="com.qa.assignment.Home.ListofArticleTest"/>
  <testcase name="TestPagenation" time="16.147" classname="com.qa.assignment.Home.ListofArticleTest"/>
</testsuite> <!-- TestBackBase -->
